2018-08-20 16:34:21,794 - root - INFO - Configuration parameters are: {u'face_recognition_confidence_threshold': 0.25, u'unknown_class': -1, u'batch_size': 3, u'face_area_threshold': 0.05, u'cam_height': 360, u'svm_model_path': u'/home/aws_cam/lambda_test/face-trigger-lambda/face-trigger-lambda/model/classifier.pkl', u'label_mapping_path': u'/home/aws_cam/lambda_test/face-trigger-lambda/face-trigger-lambda/model/label_mapping.pkl', u'frame_skip_factor': 5, u'resolution': u'360p', u'cam_width': 640}
2018-08-20 16:34:23,466 - face_trigger.model.deep.FaceRecognizer - DEBUG - No DNN model path specified, using default.
2018-08-20 16:34:23,466 - face_trigger.model.deep.FaceRecognizer - DEBUG - No DNN model path specified, using default.
2018-08-20 16:34:30,445 - face_trigger.model.deep.FaceRecognizer - DEBUG - Predicted indices before thresholding: [30 30 30]
2018-08-20 16:34:30,445 - face_trigger.model.deep.FaceRecognizer - DEBUG - Predicted indices before thresholding: [30 30 30]
2018-08-20 16:34:30,447 - face_trigger.model.deep.FaceRecognizer - DEBUG - Predicted indices after thresholding: [-1 -1 -1]
2018-08-20 16:34:30,447 - face_trigger.model.deep.FaceRecognizer - DEBUG - Predicted indices after thresholding: [-1 -1 -1]
2018-08-20 16:34:30,448 - __main__ - INFO - Predicted identity: -1
2018-08-20 16:34:33,323 - face_trigger.model.deep.FaceRecognizer - DEBUG - Predicted indices before thresholding: [131 131 131]
2018-08-20 16:34:33,323 - face_trigger.model.deep.FaceRecognizer - DEBUG - Predicted indices before thresholding: [131 131 131]
2018-08-20 16:34:33,325 - face_trigger.model.deep.FaceRecognizer - DEBUG - Predicted indices after thresholding: [-1 -1 -1]
2018-08-20 16:34:33,325 - face_trigger.model.deep.FaceRecognizer - DEBUG - Predicted indices after thresholding: [-1 -1 -1]
2018-08-20 16:34:33,327 - __main__ - INFO - Predicted identity: -1
2018-08-20 16:34:36,170 - face_trigger.model.deep.FaceRecognizer - DEBUG - Predicted indices before thresholding: [ 30 131  30]
2018-08-20 16:34:36,170 - face_trigger.model.deep.FaceRecognizer - DEBUG - Predicted indices before thresholding: [ 30 131  30]
2018-08-20 16:34:36,172 - face_trigger.model.deep.FaceRecognizer - DEBUG - Predicted indices after thresholding: [-1 -1 -1]
2018-08-20 16:34:36,172 - face_trigger.model.deep.FaceRecognizer - DEBUG - Predicted indices after thresholding: [-1 -1 -1]
2018-08-20 16:34:36,173 - __main__ - INFO - Predicted identity: -1
2018-08-20 16:34:38,833 - face_trigger.model.deep.FaceRecognizer - DEBUG - Predicted indices before thresholding: [ 30 131  30]
2018-08-20 16:34:38,833 - face_trigger.model.deep.FaceRecognizer - DEBUG - Predicted indices before thresholding: [ 30 131  30]
2018-08-20 16:34:38,852 - face_trigger.model.deep.FaceRecognizer - DEBUG - Predicted indices after thresholding: [-1 -1 -1]
2018-08-20 16:34:38,852 - face_trigger.model.deep.FaceRecognizer - DEBUG - Predicted indices after thresholding: [-1 -1 -1]
2018-08-20 16:34:38,854 - __main__ - INFO - Predicted identity: -1
2018-08-20 16:34:41,837 - face_trigger.model.deep.FaceRecognizer - DEBUG - Predicted indices before thresholding: [ 0 30 30]
2018-08-20 16:34:41,837 - face_trigger.model.deep.FaceRecognizer - DEBUG - Predicted indices before thresholding: [ 0 30 30]
2018-08-20 16:34:41,844 - face_trigger.model.deep.FaceRecognizer - DEBUG - Predicted indices after thresholding: [-1 -1 -1]
2018-08-20 16:34:41,844 - face_trigger.model.deep.FaceRecognizer - DEBUG - Predicted indices after thresholding: [-1 -1 -1]
2018-08-20 16:34:41,847 - __main__ - INFO - Predicted identity: -1
2018-08-20 16:34:44,919 - face_trigger.model.deep.FaceRecognizer - DEBUG - Predicted indices before thresholding: [ 30 131  30]
2018-08-20 16:34:44,919 - face_trigger.model.deep.FaceRecognizer - DEBUG - Predicted indices before thresholding: [ 30 131  30]
2018-08-20 16:34:44,921 - face_trigger.model.deep.FaceRecognizer - DEBUG - Predicted indices after thresholding: [-1 -1 -1]
2018-08-20 16:34:44,921 - face_trigger.model.deep.FaceRecognizer - DEBUG - Predicted indices after thresholding: [-1 -1 -1]
2018-08-20 16:34:44,922 - __main__ - INFO - Predicted identity: -1
2018-08-20 16:34:48,188 - face_trigger.model.deep.FaceRecognizer - DEBUG - Predicted indices before thresholding: [30 30 30]
2018-08-20 16:34:48,188 - face_trigger.model.deep.FaceRecognizer - DEBUG - Predicted indices before thresholding: [30 30 30]
2018-08-20 16:34:48,190 - face_trigger.model.deep.FaceRecognizer - DEBUG - Predicted indices after thresholding: [-1 -1 -1]
2018-08-20 16:34:48,190 - face_trigger.model.deep.FaceRecognizer - DEBUG - Predicted indices after thresholding: [-1 -1 -1]
2018-08-20 16:34:48,191 - __main__ - INFO - Predicted identity: -1
2018-08-20 16:34:51,278 - face_trigger.model.deep.FaceRecognizer - DEBUG - Predicted indices before thresholding: [30 30 30]
2018-08-20 16:34:51,278 - face_trigger.model.deep.FaceRecognizer - DEBUG - Predicted indices before thresholding: [30 30 30]
2018-08-20 16:34:51,279 - face_trigger.model.deep.FaceRecognizer - DEBUG - Predicted indices after thresholding: [-1 -1 -1]
2018-08-20 16:34:51,279 - face_trigger.model.deep.FaceRecognizer - DEBUG - Predicted indices after thresholding: [-1 -1 -1]
2018-08-20 16:34:51,280 - __main__ - INFO - Predicted identity: -1
2018-08-20 16:34:54,098 - face_trigger.model.deep.FaceRecognizer - DEBUG - Predicted indices before thresholding: [ 30 784  30]
2018-08-20 16:34:54,098 - face_trigger.model.deep.FaceRecognizer - DEBUG - Predicted indices before thresholding: [ 30 784  30]
2018-08-20 16:34:54,100 - face_trigger.model.deep.FaceRecognizer - DEBUG - Predicted indices after thresholding: [-1 -1 -1]
2018-08-20 16:34:54,100 - face_trigger.model.deep.FaceRecognizer - DEBUG - Predicted indices after thresholding: [-1 -1 -1]
2018-08-20 16:34:54,102 - __main__ - INFO - Predicted identity: -1
2018-08-20 16:34:56,986 - face_trigger.model.deep.FaceRecognizer - DEBUG - Predicted indices before thresholding: [131 131 360]
2018-08-20 16:34:56,986 - face_trigger.model.deep.FaceRecognizer - DEBUG - Predicted indices before thresholding: [131 131 360]
2018-08-20 16:34:56,990 - face_trigger.model.deep.FaceRecognizer - DEBUG - Predicted indices after thresholding: [-1 -1 -1]
2018-08-20 16:34:56,990 - face_trigger.model.deep.FaceRecognizer - DEBUG - Predicted indices after thresholding: [-1 -1 -1]
2018-08-20 16:34:56,990 - __main__ - INFO - Predicted identity: -1
2018-08-20 16:34:59,835 - face_trigger.model.deep.FaceRecognizer - DEBUG - Predicted indices before thresholding: [131 131 131]
2018-08-20 16:34:59,835 - face_trigger.model.deep.FaceRecognizer - DEBUG - Predicted indices before thresholding: [131 131 131]
2018-08-20 16:34:59,836 - face_trigger.model.deep.FaceRecognizer - DEBUG - Predicted indices after thresholding: [-1 -1 -1]
2018-08-20 16:34:59,836 - face_trigger.model.deep.FaceRecognizer - DEBUG - Predicted indices after thresholding: [-1 -1 -1]
2018-08-20 16:34:59,837 - __main__ - INFO - Predicted identity: -1
2018-08-20 16:35:03,103 - face_trigger.model.deep.FaceRecognizer - DEBUG - Predicted indices before thresholding: [131  30  30]
2018-08-20 16:35:03,103 - face_trigger.model.deep.FaceRecognizer - DEBUG - Predicted indices before thresholding: [131  30  30]
2018-08-20 16:35:03,104 - face_trigger.model.deep.FaceRecognizer - DEBUG - Predicted indices after thresholding: [-1 -1 -1]
2018-08-20 16:35:03,104 - face_trigger.model.deep.FaceRecognizer - DEBUG - Predicted indices after thresholding: [-1 -1 -1]
2018-08-20 16:35:03,105 - __main__ - INFO - Predicted identity: -1
2018-08-20 16:35:05,983 - face_trigger.model.deep.FaceRecognizer - DEBUG - Predicted indices before thresholding: [360  30  30]
2018-08-20 16:35:05,983 - face_trigger.model.deep.FaceRecognizer - DEBUG - Predicted indices before thresholding: [360  30  30]
2018-08-20 16:35:05,984 - face_trigger.model.deep.FaceRecognizer - DEBUG - Predicted indices after thresholding: [-1 -1 -1]
2018-08-20 16:35:05,984 - face_trigger.model.deep.FaceRecognizer - DEBUG - Predicted indices after thresholding: [-1 -1 -1]
2018-08-20 16:35:05,985 - __main__ - INFO - Predicted identity: -1
2018-08-20 16:35:08,798 - face_trigger.model.deep.FaceRecognizer - DEBUG - Predicted indices before thresholding: [131 131 337]
2018-08-20 16:35:08,798 - face_trigger.model.deep.FaceRecognizer - DEBUG - Predicted indices before thresholding: [131 131 337]
2018-08-20 16:35:08,800 - face_trigger.model.deep.FaceRecognizer - DEBUG - Predicted indices after thresholding: [-1 -1 -1]
2018-08-20 16:35:08,800 - face_trigger.model.deep.FaceRecognizer - DEBUG - Predicted indices after thresholding: [-1 -1 -1]
2018-08-20 16:35:08,801 - __main__ - INFO - Predicted identity: -1
2018-08-20 16:35:11,948 - face_trigger.model.deep.FaceRecognizer - DEBUG - Predicted indices before thresholding: [ 30 131 131]
2018-08-20 16:35:11,948 - face_trigger.model.deep.FaceRecognizer - DEBUG - Predicted indices before thresholding: [ 30 131 131]
2018-08-20 16:35:11,950 - face_trigger.model.deep.FaceRecognizer - DEBUG - Predicted indices after thresholding: [-1 -1 -1]
2018-08-20 16:35:11,950 - face_trigger.model.deep.FaceRecognizer - DEBUG - Predicted indices after thresholding: [-1 -1 -1]
2018-08-20 16:35:11,951 - __main__ - INFO - Predicted identity: -1
2018-08-20 16:39:30,931 - root - INFO - Configuration parameters are: {u'face_recognition_confidence_threshold': 0.25, u'unknown_class': -1, u'batch_size': 3, u'face_area_threshold': 0.05, u'cam_height': 480, u'svm_model_path': u'/home/aws_cam/lambda_test/face-trigger-lambda/face-trigger-lambda/model/classifier.pkl', u'label_mapping_path': u'/home/aws_cam/lambda_test/face-trigger-lambda/face-trigger-lambda/model/label_mapping.pkl', u'frame_skip_factor': 5, u'resolution': u'360p', u'cam_width': 858}
2018-08-20 16:39:32,666 - face_trigger.model.deep.FaceRecognizer - DEBUG - No DNN model path specified, using default.
2018-08-20 16:39:32,666 - face_trigger.model.deep.FaceRecognizer - DEBUG - No DNN model path specified, using default.
2018-08-20 16:40:49,815 - root - INFO - Configuration parameters are: {u'face_recognition_confidence_threshold': 0.25, u'unknown_class': -1, u'batch_size': 3, u'face_area_threshold': 0.05, u'cam_height': 480, u'svm_model_path': u'/home/aws_cam/lambda_test/face-trigger-lambda/face-trigger-lambda/model/classifier.pkl', u'label_mapping_path': u'/home/aws_cam/lambda_test/face-trigger-lambda/face-trigger-lambda/model/label_mapping.pkl', u'frame_skip_factor': 5, u'resolution': u'480p', u'cam_width': 858}
2018-08-20 16:40:51,500 - face_trigger.model.deep.FaceRecognizer - DEBUG - No DNN model path specified, using default.
2018-08-20 16:40:51,500 - face_trigger.model.deep.FaceRecognizer - DEBUG - No DNN model path specified, using default.
2018-08-20 16:45:27,415 - root - INFO - Configuration parameters are: {u'face_recognition_confidence_threshold': 0.25, u'unknown_class': -1, u'batch_size': 3, u'face_area_threshold': 0.05, u'cam_height': 480, u'svm_model_path': u'/home/aws_cam/lambda_test/face-trigger-lambda/face-trigger-lambda/model/classifier.pkl', u'label_mapping_path': u'/home/aws_cam/lambda_test/face-trigger-lambda/face-trigger-lambda/model/label_mapping.pkl', u'frame_skip_factor': 5, u'resolution': u'480p', u'cam_width': 858}
2018-08-20 16:45:29,014 - face_trigger.model.deep.FaceRecognizer - DEBUG - No DNN model path specified, using default.
2018-08-20 16:45:29,014 - face_trigger.model.deep.FaceRecognizer - DEBUG - No DNN model path specified, using default.
2018-08-20 16:47:01,776 - root - INFO - Configuration parameters are: {u'face_recognition_confidence_threshold': 0.25, u'unknown_class': -1, u'batch_size': 3, u'face_area_threshold': 0.03, u'cam_height': 480, u'svm_model_path': u'/home/aws_cam/lambda_test/face-trigger-lambda/face-trigger-lambda/model/classifier.pkl', u'label_mapping_path': u'/home/aws_cam/lambda_test/face-trigger-lambda/face-trigger-lambda/model/label_mapping.pkl', u'frame_skip_factor': 5, u'resolution': u'480p', u'cam_width': 858}
2018-08-20 16:47:03,576 - face_trigger.model.deep.FaceRecognizer - DEBUG - No DNN model path specified, using default.
2018-08-20 16:47:03,576 - face_trigger.model.deep.FaceRecognizer - DEBUG - No DNN model path specified, using default.
2018-08-20 16:48:00,349 - root - INFO - Configuration parameters are: {u'face_recognition_confidence_threshold': 0.25, u'unknown_class': -1, u'batch_size': 3, u'face_area_threshold': 0.03, u'cam_height': 480, u'svm_model_path': u'/home/aws_cam/lambda_test/face-trigger-lambda/face-trigger-lambda/model/classifier.pkl', u'label_mapping_path': u'/home/aws_cam/lambda_test/face-trigger-lambda/face-trigger-lambda/model/label_mapping.pkl', u'frame_skip_factor': 5, u'resolution': u'480p', u'cam_width': 858}
2018-08-20 16:48:02,163 - face_trigger.model.deep.FaceRecognizer - DEBUG - No DNN model path specified, using default.
2018-08-20 16:48:02,163 - face_trigger.model.deep.FaceRecognizer - DEBUG - No DNN model path specified, using default.
2018-08-20 16:49:30,304 - root - INFO - Configuration parameters are: {u'face_recognition_confidence_threshold': 0.25, u'unknown_class': -1, u'batch_size': 3, u'face_area_threshold': 0.03, u'cam_height': 480, u'svm_model_path': u'/home/aws_cam/lambda_test/face-trigger-lambda/face-trigger-lambda/model/classifier.pkl', u'label_mapping_path': u'/home/aws_cam/lambda_test/face-trigger-lambda/face-trigger-lambda/model/label_mapping.pkl', u'frame_skip_factor': 5, u'resolution': u'480p', u'cam_width': 858}
2018-08-20 16:49:32,141 - face_trigger.model.deep.FaceRecognizer - DEBUG - No DNN model path specified, using default.
2018-08-20 16:49:32,141 - face_trigger.model.deep.FaceRecognizer - DEBUG - No DNN model path specified, using default.
2018-08-20 16:49:36,556 - face_trigger.model.deep.FaceRecognizer - DEBUG - Predicted indices before thresholding: [30 30 30]
2018-08-20 16:49:36,556 - face_trigger.model.deep.FaceRecognizer - DEBUG - Predicted indices before thresholding: [30 30 30]
2018-08-20 16:49:36,562 - face_trigger.model.deep.FaceRecognizer - DEBUG - Predicted indices after thresholding: [-1 -1 -1]
2018-08-20 16:49:36,562 - face_trigger.model.deep.FaceRecognizer - DEBUG - Predicted indices after thresholding: [-1 -1 -1]
2018-08-20 16:49:36,565 - __main__ - INFO - Predicted identity: -1
2018-08-20 16:49:39,368 - face_trigger.model.deep.FaceRecognizer - DEBUG - Predicted indices before thresholding: [131 131 131]
2018-08-20 16:49:39,368 - face_trigger.model.deep.FaceRecognizer - DEBUG - Predicted indices before thresholding: [131 131 131]
2018-08-20 16:49:39,370 - face_trigger.model.deep.FaceRecognizer - DEBUG - Predicted indices after thresholding: [-1 -1 -1]
2018-08-20 16:49:39,370 - face_trigger.model.deep.FaceRecognizer - DEBUG - Predicted indices after thresholding: [-1 -1 -1]
2018-08-20 16:49:39,372 - __main__ - INFO - Predicted identity: -1
2018-08-20 16:51:15,368 - root - INFO - Configuration parameters are: {u'face_recognition_confidence_threshold': 0.25, u'unknown_class': -1, u'batch_size': 3, u'face_area_threshold': 0.03, u'cam_height': 480, u'svm_model_path': u'/home/aws_cam/lambda_test/face-trigger-lambda/face-trigger-lambda/model/classifier.pkl', u'label_mapping_path': u'/home/aws_cam/lambda_test/face-trigger-lambda/face-trigger-lambda/model/label_mapping.pkl', u'frame_skip_factor': 5, u'resolution': u'480p', u'cam_width': 858}
2018-08-20 16:51:17,197 - face_trigger.model.deep.FaceRecognizer - DEBUG - No DNN model path specified, using default.
2018-08-20 16:51:17,197 - face_trigger.model.deep.FaceRecognizer - DEBUG - No DNN model path specified, using default.
2018-08-20 16:51:24,256 - face_trigger.model.deep.FaceRecognizer - DEBUG - Predicted indices before thresholding: [30 30 30]
2018-08-20 16:51:24,256 - face_trigger.model.deep.FaceRecognizer - DEBUG - Predicted indices before thresholding: [30 30 30]
2018-08-20 16:51:24,257 - face_trigger.model.deep.FaceRecognizer - DEBUG - Predicted indices after thresholding: [-1 -1 -1]
2018-08-20 16:51:24,257 - face_trigger.model.deep.FaceRecognizer - DEBUG - Predicted indices after thresholding: [-1 -1 -1]
2018-08-20 16:51:24,258 - __main__ - INFO - Predicted identity: -1
2018-08-20 17:36:05,445 - root - INFO - Configuration parameters are: {u'face_recognition_confidence_threshold': 0.25, u'unknown_class': -1, u'batch_size': 3, u'face_area_threshold': 0.03, u'cam_height': 480, u'svm_model_path': u'/home/aws_cam/lambda_test/face-trigger-lambda/face-trigger-lambda/model/classifier.pkl', u'label_mapping_path': u'/home/aws_cam/lambda_test/face-trigger-lambda/face-trigger-lambda/model/label_mapping.pkl', u'frame_skip_factor': 5, u'resolution': u'480p', u'cam_width': 858}
2018-08-20 17:36:07,005 - face_trigger.model.deep.FaceRecognizer - DEBUG - No DNN model path specified, using default.
2018-08-20 17:36:07,005 - face_trigger.model.deep.FaceRecognizer - DEBUG - No DNN model path specified, using default.
2018-08-20 17:38:13,014 - root - INFO - Configuration parameters are: {u'face_recognition_confidence_threshold': 0.25, u'unknown_class': -1, u'batch_size': 3, u'face_area_threshold': 0.03, u'cam_height': 480, u'svm_model_path': u'/home/aws_cam/lambda_test/face-trigger-lambda/face-trigger-lambda/model/classifier.pkl', u'label_mapping_path': u'/home/aws_cam/lambda_test/face-trigger-lambda/face-trigger-lambda/model/label_mapping.pkl', u'frame_skip_factor': 5, u'resolution': u'480p', u'cam_width': 858}
2018-08-20 17:38:14,805 - face_trigger.model.deep.FaceRecognizer - DEBUG - No DNN model path specified, using default.
2018-08-20 17:38:14,805 - face_trigger.model.deep.FaceRecognizer - DEBUG - No DNN model path specified, using default.
2018-08-20 17:38:50,730 - face_trigger.model.deep.FaceRecognizer - DEBUG - Predicted indices before thresholding: [ 59 597 784]
2018-08-20 17:38:50,730 - face_trigger.model.deep.FaceRecognizer - DEBUG - Predicted indices before thresholding: [ 59 597 784]
2018-08-20 17:38:50,731 - face_trigger.model.deep.FaceRecognizer - DEBUG - Predicted indices after thresholding: [-1 -1 -1]
2018-08-20 17:38:50,731 - face_trigger.model.deep.FaceRecognizer - DEBUG - Predicted indices after thresholding: [-1 -1 -1]
2018-08-20 17:38:50,732 - __main__ - INFO - Predicted identity: -1
2018-08-20 17:38:53,505 - face_trigger.model.deep.FaceRecognizer - DEBUG - Predicted indices before thresholding: [784  30 131]
2018-08-20 17:38:53,505 - face_trigger.model.deep.FaceRecognizer - DEBUG - Predicted indices before thresholding: [784  30 131]
2018-08-20 17:38:53,505 - face_trigger.model.deep.FaceRecognizer - DEBUG - Predicted indices after thresholding: [-1 -1 -1]
2018-08-20 17:38:53,505 - face_trigger.model.deep.FaceRecognizer - DEBUG - Predicted indices after thresholding: [-1 -1 -1]
2018-08-20 17:38:53,506 - __main__ - INFO - Predicted identity: -1
2018-08-20 17:38:56,116 - face_trigger.model.deep.FaceRecognizer - DEBUG - Predicted indices before thresholding: [30 30 30]
2018-08-20 17:38:56,116 - face_trigger.model.deep.FaceRecognizer - DEBUG - Predicted indices before thresholding: [30 30 30]
2018-08-20 17:38:56,117 - face_trigger.model.deep.FaceRecognizer - DEBUG - Predicted indices after thresholding: [-1 -1 -1]
2018-08-20 17:38:56,117 - face_trigger.model.deep.FaceRecognizer - DEBUG - Predicted indices after thresholding: [-1 -1 -1]
2018-08-20 17:38:56,118 - __main__ - INFO - Predicted identity: -1
2018-08-20 17:38:59,225 - face_trigger.model.deep.FaceRecognizer - DEBUG - Predicted indices before thresholding: [30 30 30]
2018-08-20 17:38:59,225 - face_trigger.model.deep.FaceRecognizer - DEBUG - Predicted indices before thresholding: [30 30 30]
2018-08-20 17:38:59,226 - face_trigger.model.deep.FaceRecognizer - DEBUG - Predicted indices after thresholding: [-1 -1 -1]
2018-08-20 17:38:59,226 - face_trigger.model.deep.FaceRecognizer - DEBUG - Predicted indices after thresholding: [-1 -1 -1]
2018-08-20 17:38:59,227 - __main__ - INFO - Predicted identity: -1
2018-08-20 17:39:25,064 - face_trigger.model.deep.FaceRecognizer - DEBUG - Predicted indices before thresholding: [131  30  30]
2018-08-20 17:39:25,064 - face_trigger.model.deep.FaceRecognizer - DEBUG - Predicted indices before thresholding: [131  30  30]
2018-08-20 17:39:25,065 - face_trigger.model.deep.FaceRecognizer - DEBUG - Predicted indices after thresholding: [-1 -1 -1]
2018-08-20 17:39:25,065 - face_trigger.model.deep.FaceRecognizer - DEBUG - Predicted indices after thresholding: [-1 -1 -1]
2018-08-20 17:39:25,066 - __main__ - INFO - Predicted identity: -1
2018-08-20 17:39:27,847 - face_trigger.model.deep.FaceRecognizer - DEBUG - Predicted indices before thresholding: [30 30 30]
2018-08-20 17:39:27,847 - face_trigger.model.deep.FaceRecognizer - DEBUG - Predicted indices before thresholding: [30 30 30]
2018-08-20 17:39:27,848 - face_trigger.model.deep.FaceRecognizer - DEBUG - Predicted indices after thresholding: [-1 -1 -1]
2018-08-20 17:39:27,848 - face_trigger.model.deep.FaceRecognizer - DEBUG - Predicted indices after thresholding: [-1 -1 -1]
2018-08-20 17:39:27,849 - __main__ - INFO - Predicted identity: -1
2018-08-20 17:39:30,772 - face_trigger.model.deep.FaceRecognizer - DEBUG - Predicted indices before thresholding: [30 30 30]
2018-08-20 17:39:30,772 - face_trigger.model.deep.FaceRecognizer - DEBUG - Predicted indices before thresholding: [30 30 30]
2018-08-20 17:39:30,773 - face_trigger.model.deep.FaceRecognizer - DEBUG - Predicted indices after thresholding: [-1 -1 -1]
2018-08-20 17:39:30,773 - face_trigger.model.deep.FaceRecognizer - DEBUG - Predicted indices after thresholding: [-1 -1 -1]
2018-08-20 17:39:30,773 - __main__ - INFO - Predicted identity: -1
2018-08-20 17:39:33,448 - face_trigger.model.deep.FaceRecognizer - DEBUG - Predicted indices before thresholding: [30 30 30]
2018-08-20 17:39:33,448 - face_trigger.model.deep.FaceRecognizer - DEBUG - Predicted indices before thresholding: [30 30 30]
2018-08-20 17:39:33,449 - face_trigger.model.deep.FaceRecognizer - DEBUG - Predicted indices after thresholding: [-1 -1 -1]
2018-08-20 17:39:33,449 - face_trigger.model.deep.FaceRecognizer - DEBUG - Predicted indices after thresholding: [-1 -1 -1]
2018-08-20 17:39:33,450 - __main__ - INFO - Predicted identity: -1
2018-08-20 17:39:36,433 - face_trigger.model.deep.FaceRecognizer - DEBUG - Predicted indices before thresholding: [30 30 30]
2018-08-20 17:39:36,433 - face_trigger.model.deep.FaceRecognizer - DEBUG - Predicted indices before thresholding: [30 30 30]
2018-08-20 17:39:36,434 - face_trigger.model.deep.FaceRecognizer - DEBUG - Predicted indices after thresholding: [-1 -1 -1]
2018-08-20 17:39:36,434 - face_trigger.model.deep.FaceRecognizer - DEBUG - Predicted indices after thresholding: [-1 -1 -1]
2018-08-20 17:39:36,435 - __main__ - INFO - Predicted identity: -1
2018-08-20 17:39:39,232 - face_trigger.model.deep.FaceRecognizer - DEBUG - Predicted indices before thresholding: [30 30 30]
2018-08-20 17:39:39,232 - face_trigger.model.deep.FaceRecognizer - DEBUG - Predicted indices before thresholding: [30 30 30]
2018-08-20 17:39:39,233 - face_trigger.model.deep.FaceRecognizer - DEBUG - Predicted indices after thresholding: [-1 -1 -1]
2018-08-20 17:39:39,233 - face_trigger.model.deep.FaceRecognizer - DEBUG - Predicted indices after thresholding: [-1 -1 -1]
2018-08-20 17:39:39,234 - __main__ - INFO - Predicted identity: -1
2018-08-20 17:39:41,888 - face_trigger.model.deep.FaceRecognizer - DEBUG - Predicted indices before thresholding: [30 30 30]
2018-08-20 17:39:41,888 - face_trigger.model.deep.FaceRecognizer - DEBUG - Predicted indices before thresholding: [30 30 30]
2018-08-20 17:39:41,903 - face_trigger.model.deep.FaceRecognizer - DEBUG - Predicted indices after thresholding: [-1 -1 -1]
2018-08-20 17:39:41,903 - face_trigger.model.deep.FaceRecognizer - DEBUG - Predicted indices after thresholding: [-1 -1 -1]
2018-08-20 17:39:41,904 - __main__ - INFO - Predicted identity: -1
2018-08-20 17:39:44,950 - face_trigger.model.deep.FaceRecognizer - DEBUG - Predicted indices before thresholding: [30  0 72]
2018-08-20 17:39:44,950 - face_trigger.model.deep.FaceRecognizer - DEBUG - Predicted indices before thresholding: [30  0 72]
2018-08-20 17:39:44,951 - face_trigger.model.deep.FaceRecognizer - DEBUG - Predicted indices after thresholding: [-1 -1 -1]
2018-08-20 17:39:44,951 - face_trigger.model.deep.FaceRecognizer - DEBUG - Predicted indices after thresholding: [-1 -1 -1]
2018-08-20 17:39:44,958 - __main__ - INFO - Predicted identity: -1
2018-08-20 17:39:47,809 - face_trigger.model.deep.FaceRecognizer - DEBUG - Predicted indices before thresholding: [30 72 72]
2018-08-20 17:39:47,809 - face_trigger.model.deep.FaceRecognizer - DEBUG - Predicted indices before thresholding: [30 72 72]
2018-08-20 17:39:47,810 - face_trigger.model.deep.FaceRecognizer - DEBUG - Predicted indices after thresholding: [-1 -1 -1]
2018-08-20 17:39:47,810 - face_trigger.model.deep.FaceRecognizer - DEBUG - Predicted indices after thresholding: [-1 -1 -1]
2018-08-20 17:39:47,810 - __main__ - INFO - Predicted identity: -1
2018-08-20 17:39:51,179 - face_trigger.model.deep.FaceRecognizer - DEBUG - Predicted indices before thresholding: [30 30 30]
2018-08-20 17:39:51,179 - face_trigger.model.deep.FaceRecognizer - DEBUG - Predicted indices before thresholding: [30 30 30]
2018-08-20 17:39:51,180 - face_trigger.model.deep.FaceRecognizer - DEBUG - Predicted indices after thresholding: [-1 -1 -1]
2018-08-20 17:39:51,180 - face_trigger.model.deep.FaceRecognizer - DEBUG - Predicted indices after thresholding: [-1 -1 -1]
2018-08-20 17:39:51,181 - __main__ - INFO - Predicted identity: -1
2018-08-20 17:39:54,249 - face_trigger.model.deep.FaceRecognizer - DEBUG - Predicted indices before thresholding: [30 72 72]
2018-08-20 17:39:54,249 - face_trigger.model.deep.FaceRecognizer - DEBUG - Predicted indices before thresholding: [30 72 72]
2018-08-20 17:39:54,250 - face_trigger.model.deep.FaceRecognizer - DEBUG - Predicted indices after thresholding: [-1 -1 -1]
2018-08-20 17:39:54,250 - face_trigger.model.deep.FaceRecognizer - DEBUG - Predicted indices after thresholding: [-1 -1 -1]
2018-08-20 17:39:54,251 - __main__ - INFO - Predicted identity: -1
2018-08-20 17:39:57,033 - face_trigger.model.deep.FaceRecognizer - DEBUG - Predicted indices before thresholding: [30 30 72]
2018-08-20 17:39:57,033 - face_trigger.model.deep.FaceRecognizer - DEBUG - Predicted indices before thresholding: [30 30 72]
2018-08-20 17:39:57,034 - face_trigger.model.deep.FaceRecognizer - DEBUG - Predicted indices after thresholding: [-1 -1 -1]
2018-08-20 17:39:57,034 - face_trigger.model.deep.FaceRecognizer - DEBUG - Predicted indices after thresholding: [-1 -1 -1]
2018-08-20 17:39:57,034 - __main__ - INFO - Predicted identity: -1
2018-08-20 17:40:00,093 - face_trigger.model.deep.FaceRecognizer - DEBUG - Predicted indices before thresholding: [30 72 30]
2018-08-20 17:40:00,093 - face_trigger.model.deep.FaceRecognizer - DEBUG - Predicted indices before thresholding: [30 72 30]
2018-08-20 17:40:00,094 - face_trigger.model.deep.FaceRecognizer - DEBUG - Predicted indices after thresholding: [-1 -1 -1]
2018-08-20 17:40:00,094 - face_trigger.model.deep.FaceRecognizer - DEBUG - Predicted indices after thresholding: [-1 -1 -1]
2018-08-20 17:40:00,099 - __main__ - INFO - Predicted identity: -1
2018-08-20 17:40:02,785 - face_trigger.model.deep.FaceRecognizer - DEBUG - Predicted indices before thresholding: [72 30 30]
2018-08-20 17:40:02,785 - face_trigger.model.deep.FaceRecognizer - DEBUG - Predicted indices before thresholding: [72 30 30]
2018-08-20 17:40:02,786 - face_trigger.model.deep.FaceRecognizer - DEBUG - Predicted indices after thresholding: [-1 -1 -1]
2018-08-20 17:40:02,786 - face_trigger.model.deep.FaceRecognizer - DEBUG - Predicted indices after thresholding: [-1 -1 -1]
2018-08-20 17:40:02,787 - __main__ - INFO - Predicted identity: -1
2018-08-20 17:44:50,029 - face_trigger.model.deep.FaceRecognizer - DEBUG - Predicted indices before thresholding: [597 268 114]
2018-08-20 17:44:50,029 - face_trigger.model.deep.FaceRecognizer - DEBUG - Predicted indices before thresholding: [597 268 114]
2018-08-20 17:44:50,030 - face_trigger.model.deep.FaceRecognizer - DEBUG - Predicted indices after thresholding: [-1 -1 -1]
2018-08-20 17:44:50,030 - face_trigger.model.deep.FaceRecognizer - DEBUG - Predicted indices after thresholding: [-1 -1 -1]
2018-08-20 17:44:50,031 - __main__ - INFO - Predicted identity: -1
2018-08-20 17:44:53,062 - face_trigger.model.deep.FaceRecognizer - DEBUG - Predicted indices before thresholding: [114 114  30]
2018-08-20 17:44:53,062 - face_trigger.model.deep.FaceRecognizer - DEBUG - Predicted indices before thresholding: [114 114  30]
2018-08-20 17:44:53,063 - face_trigger.model.deep.FaceRecognizer - DEBUG - Predicted indices after thresholding: [-1 -1 -1]
2018-08-20 17:44:53,063 - face_trigger.model.deep.FaceRecognizer - DEBUG - Predicted indices after thresholding: [-1 -1 -1]
2018-08-20 17:44:53,064 - __main__ - INFO - Predicted identity: -1
2018-08-20 17:44:55,866 - face_trigger.model.deep.FaceRecognizer - DEBUG - Predicted indices before thresholding: [30 30 30]
2018-08-20 17:44:55,866 - face_trigger.model.deep.FaceRecognizer - DEBUG - Predicted indices before thresholding: [30 30 30]
2018-08-20 17:44:55,867 - face_trigger.model.deep.FaceRecognizer - DEBUG - Predicted indices after thresholding: [-1 -1 -1]
2018-08-20 17:44:55,867 - face_trigger.model.deep.FaceRecognizer - DEBUG - Predicted indices after thresholding: [-1 -1 -1]
2018-08-20 17:44:55,867 - __main__ - INFO - Predicted identity: -1
2018-08-20 17:44:58,546 - face_trigger.model.deep.FaceRecognizer - DEBUG - Predicted indices before thresholding: [30 14 30]
2018-08-20 17:44:58,546 - face_trigger.model.deep.FaceRecognizer - DEBUG - Predicted indices before thresholding: [30 14 30]
2018-08-20 17:44:58,547 - face_trigger.model.deep.FaceRecognizer - DEBUG - Predicted indices after thresholding: [-1 -1 -1]
2018-08-20 17:44:58,547 - face_trigger.model.deep.FaceRecognizer - DEBUG - Predicted indices after thresholding: [-1 -1 -1]
2018-08-20 17:44:58,547 - __main__ - INFO - Predicted identity: -1
2018-08-20 17:45:10,341 - face_trigger.model.deep.FaceRecognizer - DEBUG - Predicted indices before thresholding: [ 0 30 30]
2018-08-20 17:45:10,341 - face_trigger.model.deep.FaceRecognizer - DEBUG - Predicted indices before thresholding: [ 0 30 30]
2018-08-20 17:45:10,342 - face_trigger.model.deep.FaceRecognizer - DEBUG - Predicted indices after thresholding: [-1 30 -1]
2018-08-20 17:45:10,342 - face_trigger.model.deep.FaceRecognizer - DEBUG - Predicted indices after thresholding: [-1 30 -1]
2018-08-20 17:45:10,343 - __main__ - INFO - Predicted identity: -1
2018-08-20 17:45:18,655 - face_trigger.model.deep.FaceRecognizer - DEBUG - Predicted indices before thresholding: [  0 597   0]
2018-08-20 17:45:18,655 - face_trigger.model.deep.FaceRecognizer - DEBUG - Predicted indices before thresholding: [  0 597   0]
2018-08-20 17:45:18,656 - face_trigger.model.deep.FaceRecognizer - DEBUG - Predicted indices after thresholding: [-1 -1 -1]
2018-08-20 17:45:18,656 - face_trigger.model.deep.FaceRecognizer - DEBUG - Predicted indices after thresholding: [-1 -1 -1]
2018-08-20 17:45:18,657 - __main__ - INFO - Predicted identity: -1
2018-08-20 17:45:30,140 - face_trigger.model.deep.FaceRecognizer - DEBUG - Predicted indices before thresholding: [597 597  30]
2018-08-20 17:45:30,140 - face_trigger.model.deep.FaceRecognizer - DEBUG - Predicted indices before thresholding: [597 597  30]
2018-08-20 17:45:30,141 - face_trigger.model.deep.FaceRecognizer - DEBUG - Predicted indices after thresholding: [-1 -1 -1]
2018-08-20 17:45:30,141 - face_trigger.model.deep.FaceRecognizer - DEBUG - Predicted indices after thresholding: [-1 -1 -1]
2018-08-20 17:45:30,141 - __main__ - INFO - Predicted identity: -1
2018-08-20 17:45:35,738 - face_trigger.model.deep.FaceRecognizer - DEBUG - Predicted indices before thresholding: [ 30  30 236]
2018-08-20 17:45:35,738 - face_trigger.model.deep.FaceRecognizer - DEBUG - Predicted indices before thresholding: [ 30  30 236]
2018-08-20 17:45:35,739 - face_trigger.model.deep.FaceRecognizer - DEBUG - Predicted indices after thresholding: [-1 -1 -1]
2018-08-20 17:45:35,739 - face_trigger.model.deep.FaceRecognizer - DEBUG - Predicted indices after thresholding: [-1 -1 -1]
2018-08-20 17:45:35,740 - __main__ - INFO - Predicted identity: -1
2018-08-20 17:45:39,366 - face_trigger.model.deep.FaceRecognizer - DEBUG - Predicted indices before thresholding: [57 30 30]
2018-08-20 17:45:39,366 - face_trigger.model.deep.FaceRecognizer - DEBUG - Predicted indices before thresholding: [57 30 30]
2018-08-20 17:45:39,367 - face_trigger.model.deep.FaceRecognizer - DEBUG - Predicted indices after thresholding: [-1 -1 -1]
2018-08-20 17:45:39,367 - face_trigger.model.deep.FaceRecognizer - DEBUG - Predicted indices after thresholding: [-1 -1 -1]
2018-08-20 17:45:39,368 - __main__ - INFO - Predicted identity: -1
2018-08-20 17:46:04,321 - face_trigger.model.deep.FaceRecognizer - DEBUG - Predicted indices before thresholding: [236 597 965]
2018-08-20 17:46:04,321 - face_trigger.model.deep.FaceRecognizer - DEBUG - Predicted indices before thresholding: [236 597 965]
2018-08-20 17:46:04,322 - face_trigger.model.deep.FaceRecognizer - DEBUG - Predicted indices after thresholding: [-1 -1 -1]
2018-08-20 17:46:04,322 - face_trigger.model.deep.FaceRecognizer - DEBUG - Predicted indices after thresholding: [-1 -1 -1]
2018-08-20 17:46:04,322 - __main__ - INFO - Predicted identity: -1
2018-08-20 17:46:15,106 - face_trigger.model.deep.FaceRecognizer - DEBUG - Predicted indices before thresholding: [360   0   0]
2018-08-20 17:46:15,106 - face_trigger.model.deep.FaceRecognizer - DEBUG - Predicted indices before thresholding: [360   0   0]
2018-08-20 17:46:15,107 - face_trigger.model.deep.FaceRecognizer - DEBUG - Predicted indices after thresholding: [-1 -1 -1]
2018-08-20 17:46:15,107 - face_trigger.model.deep.FaceRecognizer - DEBUG - Predicted indices after thresholding: [-1 -1 -1]
2018-08-20 17:46:15,108 - __main__ - INFO - Predicted identity: -1
2018-08-20 17:46:17,886 - face_trigger.model.deep.FaceRecognizer - DEBUG - Predicted indices before thresholding: [ 67 597   0]
2018-08-20 17:46:17,886 - face_trigger.model.deep.FaceRecognizer - DEBUG - Predicted indices before thresholding: [ 67 597   0]
2018-08-20 17:46:17,887 - face_trigger.model.deep.FaceRecognizer - DEBUG - Predicted indices after thresholding: [-1 -1 -1]
2018-08-20 17:46:17,887 - face_trigger.model.deep.FaceRecognizer - DEBUG - Predicted indices after thresholding: [-1 -1 -1]
2018-08-20 17:46:17,888 - __main__ - INFO - Predicted identity: -1
2018-08-20 17:52:26,063 - root - INFO - Configuration parameters are: {u'face_recognition_confidence_threshold': 0.25, u'unknown_class': -1, u'batch_size': 3, u'face_area_threshold': 0.03, u'cam_height': 480, u'svm_model_path': u'/home/aws_cam/lambda_test/face-trigger-lambda/face-trigger-lambda/model/classifier.pkl', u'label_mapping_path': u'/home/aws_cam/lambda_test/face-trigger-lambda/face-trigger-lambda/model/label_mapping.pkl', u'frame_skip_factor': 5, u'resolution': u'480p', u'cam_width': 858}
2018-08-20 17:52:32,590 - face_trigger.model.deep.FaceRecognizer - DEBUG - No DNN model path specified, using default.
2018-08-20 17:52:32,590 - face_trigger.model.deep.FaceRecognizer - DEBUG - No DNN model path specified, using default.
2018-08-20 17:54:46,449 - root - INFO - Configuration parameters are: {u'face_recognition_confidence_threshold': 0.25, u'unknown_class': -1, u'batch_size': 3, u'face_area_threshold': 0.03, u'cam_height': 480, u'svm_model_path': u'/home/aws_cam/lambda_test/face-trigger-lambda/face-trigger-lambda/model/classifier.pkl', u'label_mapping_path': u'/home/aws_cam/lambda_test/face-trigger-lambda/face-trigger-lambda/model/label_mapping.pkl', u'frame_skip_factor': 5, u'resolution': u'480p', u'cam_width': 858}
2018-08-20 17:54:48,074 - face_trigger.model.deep.FaceRecognizer - DEBUG - No DNN model path specified, using default.
2018-08-20 17:54:48,074 - face_trigger.model.deep.FaceRecognizer - DEBUG - No DNN model path specified, using default.
